<?xml version="1.0" encoding="UTF-8"?>
<testng-results ignored="0" total="1" passed="1" failed="0" skipped="0">
  <reporter-output>
  </reporter-output>
  <suite started-at="2020-06-08T18:07:08Z" name="Default suite" finished-at="2020-06-08T18:07:08Z" duration-ms="96">
    <groups>
    </groups>
    <test started-at="2020-06-08T18:07:08Z" name="Default test" finished-at="2020-06-08T18:07:08Z" duration-ms="96">
      <class name="com.testpackage.test1">
        <test-method signature="sample()[pri:0, instance:com.testpackage.test1@229c6181]" started-at="2020-06-08T18:07:08Z" name="sample" finished-at="2020-06-08T18:07:08Z" duration-ms="27" status="PASS">
          <reporter-output>
          </reporter-output>
        </test-method> <!-- sample -->
      </class> <!-- com.testpackage.test1 -->
    </test> <!-- Default test -->
  </suite> <!-- Default suite -->
</testng-results>
